<?xml version="1.0" encoding="UTF-8"?>
<testng-results ignored="2" total="3" passed="1" failed="0" skipped="0">
  <reporter-output>
  </reporter-output>
  <suite started-at="2026-09-11T07:42:12 IST" name="Default suite" finished-at="2026-09-11T07:42:23 IST" duration-ms="11181">
    <groups>
      <group name="@Smoke">
        <method signature="RunTest.test_01_Login()[pri:1, instance:test.RunTest@7b98f307]" name="test_01_Login" class="test.RunTest"/>
      </group> <!-- @Smoke -->
    </groups>
    <test started-at="2026-09-11T07:42:12 IST" name="Default test" finished-at="2026-09-11T07:42:23 IST" duration-ms="11181">
      <class name="test.RunTest">
        <test-method is-config="true" signature="beforeSuite()[pri:0, instance:test.RunTest@7b98f307]" started-at="2026-09-11T07:42:12 IST" name="beforeSuite" finished-at="2026-09-11T07:42:12 IST" duration-ms="263" status="PASS">
          <reporter-output>
          </reporter-output>
        </test-method> <!-- beforeSuite -->
        <test-method is-config="true" signature="setUp(java.lang.reflect.Method)[pri:0, instance:test.RunTest@7b98f307]" started-at="2026-09-11T07:42:12 IST" name="setUp" finished-at="2026-09-11T07:42:16 IST" duration-ms="4428" status="PASS">
          <params>
            <param index="0">
              <value>
                <![CDATA[public void test.RunTest.test_01_Login()]]>
              </value>
            </param>
          </params>
          <reporter-output>
          </reporter-output>
        </test-method> <!-- setUp -->
        <test-method signature="test_01_Login()[pri:1, instance:test.RunTest@7b98f307]" started-at="2026-09-11T07:42:16 IST" name="test_01_Login" finished-at="2026-09-11T07:42:23 IST" duration-ms="6268" status="PASS">
          <reporter-output>
          </reporter-output>
        </test-method> <!-- test_01_Login -->
        <test-method is-config="true" signature="tearDown(org.testng.ITestResult)[pri:0, instance:test.RunTest@7b98f307]" started-at="2026-09-11T07:42:23 IST" name="tearDown" finished-at="2026-09-11T07:42:23 IST" duration-ms="430" status="PASS">
          <params>
            <param index="0">
              <value>
                <![CDATA[[TestResult name=test_01_Login status=SUCCESS method=RunTest.test_01_Login()[pri:1, instance:test.RunTest@7b98f307] output={null}]]]>
              </value>
            </param>
          </params>
          <reporter-output>
          </reporter-output>
        </test-method> <!-- tearDown -->
        <test-method is-config="true" signature="afterSuite()[pri:0, instance:test.RunTest@7b98f307]" started-at="2026-09-11T07:42:23 IST" name="afterSuite" finished-at="2026-09-11T07:42:23 IST" duration-ms="12" status="PASS">
          <reporter-output>
          </reporter-output>
        </test-method> <!-- afterSuite -->
      </class> <!-- test.RunTest -->
    </test> <!-- Default test -->
  </suite> <!-- Default suite -->
</testng-results>
