<?xml version="1.0" encoding="UTF-8"?>
<testng-results ignored="0" total="3" passed="3" failed="0" skipped="0">
  <reporter-output>
  </reporter-output>
  <suite started-at="2026-09-08T20:31:52 IST" name="Default suite" finished-at="2026-09-08T20:32:34 IST" duration-ms="41714">
    <groups>
    </groups>
    <test started-at="2026-09-08T20:31:52 IST" name="Default test" finished-at="2026-09-08T20:32:34 IST" duration-ms="41714">
      <class name="pages.DemoTest">
        <test-method is-config="true" signature="setUp(java.lang.reflect.Method)[pri:0, instance:pages.DemoTest@7d8995e]" started-at="2026-09-08T20:31:52 IST" name="setUp" finished-at="2026-09-08T20:32:01 IST" duration-ms="8319" status="PASS">
          <params>
            <param index="0">
              <value>
                <![CDATA[public void pages.DemoTest.test_001_demoBlaze()]]>
              </value>
            </param>
          </params>
          <reporter-output>
          </reporter-output>
        </test-method> <!-- setUp -->
        <test-method signature="test_001_demoBlaze()[pri:1, instance:pages.DemoTest@7d8995e]" started-at="2026-09-08T20:32:01 IST" name="test_001_demoBlaze" finished-at="2026-09-08T20:32:11 IST" duration-ms="10007" status="PASS">
          <reporter-output>
          </reporter-output>
        </test-method> <!-- test_001_demoBlaze -->
        <test-method is-config="true" signature="tear_down(org.testng.ITestResult)[pri:0, instance:pages.DemoTest@7d8995e]" started-at="2026-09-08T20:32:11 IST" name="tear_down" finished-at="2026-09-08T20:32:12 IST" duration-ms="1593" status="PASS">
          <params>
            <param index="0">
              <value>
                <![CDATA[[TestResult name=test_001_demoBlaze status=SUCCESS method=DemoTest.test_001_demoBlaze()[pri:1, instance:pages.DemoTest@7d8995e] output={null}]]]>
              </value>
            </param>
          </params>
          <reporter-output>
          </reporter-output>
        </test-method> <!-- tear_down -->
        <test-method is-config="true" signature="setUp(java.lang.reflect.Method)[pri:0, instance:pages.DemoTest@7d8995e]" started-at="2026-09-08T20:32:12 IST" name="setUp" finished-at="2026-09-08T20:32:14 IST" duration-ms="1846" status="PASS">
          <params>
            <param index="0">
              <value>
                <![CDATA[public void pages.DemoTest.test_002_demoBlaze_skipped()]]>
              </value>
            </param>
          </params>
          <reporter-output>
          </reporter-output>
        </test-method> <!-- setUp -->
        <test-method signature="test_002_demoBlaze_skipped()[pri:2, instance:pages.DemoTest@7d8995e]" started-at="2026-09-08T20:32:14 IST" name="test_002_demoBlaze_skipped" finished-at="2026-09-08T20:32:22 IST" duration-ms="8487" status="PASS">
          <reporter-output>
          </reporter-output>
        </test-method> <!-- test_002_demoBlaze_skipped -->
        <test-method is-config="true" signature="tear_down(org.testng.ITestResult)[pri:0, instance:pages.DemoTest@7d8995e]" started-at="2026-09-08T20:32:22 IST" name="tear_down" finished-at="2026-09-08T20:32:23 IST" duration-ms="824" status="PASS">
          <params>
            <param index="0">
              <value>
                <![CDATA[[TestResult name=test_002_demoBlaze_skipped status=SUCCESS method=DemoTest.test_002_demoBlaze_skipped()[pri:2, instance:pages.DemoTest@7d8995e] output={null}]]]>
              </value>
            </param>
          </params>
          <reporter-output>
          </reporter-output>
        </test-method> <!-- tear_down -->
        <test-method is-config="true" signature="setUp(java.lang.reflect.Method)[pri:0, instance:pages.DemoTest@7d8995e]" started-at="2026-09-08T20:32:23 IST" name="setUp" finished-at="2026-09-08T20:32:25 IST" duration-ms="1747" status="PASS">
          <params>
            <param index="0">
              <value>
                <![CDATA[public void pages.DemoTest.test_003_demoBlaze_Failed()]]>
              </value>
            </param>
          </params>
          <reporter-output>
          </reporter-output>
        </test-method> <!-- setUp -->
        <test-method signature="test_003_demoBlaze_Failed()[pri:3, instance:pages.DemoTest@7d8995e]" started-at="2026-09-08T20:32:25 IST" name="test_003_demoBlaze_Failed" finished-at="2026-09-08T20:32:33 IST" duration-ms="7996" status="PASS">
          <reporter-output>
          </reporter-output>
        </test-method> <!-- test_003_demoBlaze_Failed -->
        <test-method is-config="true" signature="tear_down(org.testng.ITestResult)[pri:0, instance:pages.DemoTest@7d8995e]" started-at="2026-09-08T20:32:33 IST" name="tear_down" finished-at="2026-09-08T20:32:34 IST" duration-ms="789" status="PASS">
          <params>
            <param index="0">
              <value>
                <![CDATA[[TestResult name=test_003_demoBlaze_Failed status=SUCCESS method=DemoTest.test_003_demoBlaze_Failed()[pri:3, instance:pages.DemoTest@7d8995e] output={null}]]]>
              </value>
            </param>
          </params>
          <reporter-output>
          </reporter-output>
        </test-method> <!-- tear_down -->
      </class> <!-- pages.DemoTest -->
    </test> <!-- Default test -->
  </suite> <!-- Default suite -->
</testng-results>
