<?xml version="1.0" encoding="UTF-8"?>
<!-- Generated by org.testng.reporters.JUnitReportReporter -->
<testsuite hostname="ShaileshKumar" failures="0" tests="3" name="test.DemoTest" time="24.017" errors="0" timestamp="2026-09-11T07:43:55 IST" skipped="0">
  <testcase classname="test.DemoTest" name="test_001_demoBlaze" time="10.321"/>
  <testcase classname="test.DemoTest" name="test_002_demoBlaze_skipped" time="7.105"/>
  <testcase classname="test.DemoTest" name="test_003_demoBlaze_Failed" time="6.591"/>
</testsuite> <!-- test.DemoTest -->
