<?xml version="1.0" encoding="UTF-8"?>
<!-- Generated by org.testng.reporters.JUnitReportReporter -->
<testsuite hostname="ShaileshKumar" failures="0" tests="3" name="test.DemoTest" time="28.010" errors="0" timestamp="2026-09-11T07:40:36 IST" skipped="0">
  <testcase classname="test.DemoTest" name="test_001_demoBlaze" time="13.162"/>
  <testcase classname="test.DemoTest" name="test_002_demoBlaze_skipped" time="7.432"/>
  <testcase classname="test.DemoTest" name="test_003_demoBlaze_Failed" time="7.416"/>
</testsuite> <!-- test.DemoTest -->
