<?xml version="1.0" encoding="UTF-8"?>
<!-- Generated by org.testng.reporters.JUnitReportReporter -->
<testsuite hostname="ShaileshKumar" failures="0" tests="3" name="test.Run" time="8.754" errors="1" timestamp="2026-09-10T12:32:16 IST" skipped="2">
  <testcase classname="test.Run" name="test_01_Login" time="8.754">
    <error message="Error {
  message=&#039;Could not resolve hostname
  name=&#039;Error
  stack=&#039;Error: Could not resolve hostname
    at FrameManager.frameAbortedNavigation (C:\Users\91933\AppData\Local\Temp\playwright-java-18236866429971788948\package\lib\coreBundle.js:22739:18)
    at FrameManager.requestFailed (C:\Users\91933\AppData\Local\Temp\playwright-java-18236866429971788948\package\lib\coreBundle.js:22790:16)
    at _WKPage._onLoadingFailed (C:\Users\91933\AppData\Local\Temp\playwright-java-18236866429971788948\package\lib\coreBundle.js:47495:33)
    at WKSession.&lt;anonymous&gt; (C:\Users\91933\AppData\Local\Temp\playwright-java-18236866429971788948\package\lib\coreBundle.js:46792:93)
    at WKSession.emit (node:events:509:28)
    at C:\Users\91933\AppData\Local\Temp\playwright-java-18236866429971788948\package\lib\coreBundle.js:45810:45
    at runNextTicks (node:internal/process/task_queues:65:5)
    at process.processImmediate (node:internal/timers:502:9)
}
Call log:
-   - navigating to &quot;https://demowebshop.tricentis.com/login&quot;, waiting until &quot;load&quot;
" type="com.microsoft.playwright.PlaywrightException">
      <![CDATA[com.microsoft.playwright.PlaywrightException: Error {
  message='Could not resolve hostname
  name='Error
  stack='Error: Could not resolve hostname
    at FrameManager.frameAbortedNavigation (C:\Users\91933\AppData\Local\Temp\playwright-java-18236866429971788948\package\lib\coreBundle.js:22739:18)
    at FrameManager.requestFailed (C:\Users\91933\AppData\Local\Temp\playwright-java-18236866429971788948\package\lib\coreBundle.js:22790:16)
    at _WKPage._onLoadingFailed (C:\Users\91933\AppData\Local\Temp\playwright-java-18236866429971788948\package\lib\coreBundle.js:47495:33)
    at WKSession.<anonymous> (C:\Users\91933\AppData\Local\Temp\playwright-java-18236866429971788948\package\lib\coreBundle.js:46792:93)
    at WKSession.emit (node:events:509:28)
    at C:\Users\91933\AppData\Local\Temp\playwright-java-18236866429971788948\package\lib\coreBundle.js:45810:45
    at runNextTicks (node:internal/process/task_queues:65:5)
    at process.processImmediate (node:internal/timers:502:9)
}
Call log:
-   - navigating to "https://demowebshop.tricentis.com/login", waiting until "load"

at com.microsoft.playwright.impl.WaitableResult.get(WaitableResult.java:58)
at com.microsoft.playwright.impl.ChannelOwner.runUntil(ChannelOwner.java:147)
at com.microsoft.playwright.impl.Connection.sendMessage(Connection.java:136)
at com.microsoft.playwright.impl.ChannelOwner.sendMessage(ChannelOwner.java:133)
at com.microsoft.playwright.impl.FrameImpl.navigateImpl(FrameImpl.java:429)
at com.microsoft.playwright.impl.PageImpl.navigate(PageImpl.java:959)
at com.microsoft.playwright.impl.PageImpl.navigate(PageImpl.java:44)
at com.microsoft.playwright.Page.navigate(Page.java:5709)
at com.eva.webutil.WebUtil.openUrl(WebUtil.java:181)
at test.Run.test_01_Login(Run.java:12)
at java.base/jdk.internal.reflect.DirectMethodHandleAccessor.invoke(DirectMethodHandleAccessor.java:103)
at java.base/java.lang.reflect.Method.invoke(Method.java:580)
at org.testng.internal.invokers.MethodInvocationHelper.invokeMethod(MethodInvocationHelper.java:141)
at org.testng.internal.invokers.TestInvoker.invokeMethod(TestInvoker.java:697)
at org.testng.internal.invokers.TestInvoker.invokeTestMethod(TestInvoker.java:230)
at org.testng.internal.invokers.MethodRunner.runInSequence(MethodRunner.java:63)
at org.testng.internal.invokers.TestInvoker$MethodInvocationAgent.invoke(TestInvoker.java:1005)
at org.testng.internal.invokers.TestInvoker.invokeTestMethods(TestInvoker.java:203)
at org.testng.internal.invokers.TestMethodWorker.invokeTestMethods(TestMethodWorker.java:154)
at org.testng.internal.invokers.TestMethodWorker.run(TestMethodWorker.java:134)
at java.base/java.util.ArrayList.forEach(ArrayList.java:1596)
at org.testng.TestRunner.privateRun(TestRunner.java:744)
at org.testng.TestRunner.run(TestRunner.java:616)
at org.testng.SuiteRunner.runTest(SuiteRunner.java:421)
at org.testng.SuiteRunner.runSequentially(SuiteRunner.java:413)
at org.testng.SuiteRunner.privateRun(SuiteRunner.java:373)
at org.testng.SuiteRunner.run(SuiteRunner.java:312)
at org.testng.SuiteRunnerWorker.runSuite(SuiteRunnerWorker.java:52)
at org.testng.SuiteRunnerWorker.run(SuiteRunnerWorker.java:95)
at org.testng.TestNG.runSuitesSequentially(TestNG.java:1274)
at org.testng.TestNG.runSuitesLocally(TestNG.java:1208)
at org.testng.TestNG.runSuites(TestNG.java:1112)
at org.testng.TestNG.run(TestNG.java:1079)
at org.testng.remote.AbstractRemoteTestNG.run(AbstractRemoteTestNG.java:115)
at org.testng.remote.RemoteTestNG.initAndRun(RemoteTestNG.java:293)
at org.testng.remote.RemoteTestNG.main(RemoteTestNG.java:91)
Caused by: com.microsoft.playwright.impl.DriverException: Error {
  message='Could not resolve hostname
  name='Error
  stack='Error: Could not resolve hostname
    at FrameManager.frameAbortedNavigation (C:\Users\91933\AppData\Local\Temp\playwright-java-18236866429971788948\package\lib\coreBundle.js:22739:18)
    at FrameManager.requestFailed (C:\Users\91933\AppData\Local\Temp\playwright-java-18236866429971788948\package\lib\coreBundle.js:22790:16)
    at _WKPage._onLoadingFailed (C:\Users\91933\AppData\Local\Temp\playwright-java-18236866429971788948\package\lib\coreBundle.js:47495:33)
    at WKSession.<anonymous> (C:\Users\91933\AppData\Local\Temp\playwright-java-18236866429971788948\package\lib\coreBundle.js:46792:93)
    at WKSession.emit (node:events:509:28)
    at C:\Users\91933\AppData\Local\Temp\playwright-java-18236866429971788948\package\lib\coreBundle.js:45810:45
    at runNextTicks (node:internal/process/task_queues:65:5)
    at process.processImmediate (node:internal/timers:502:9)
}
Call log:
-   - navigating to "https://demowebshop.tricentis.com/login", waiting until "load"

at com.microsoft.playwright.impl.Connection.dispatch(Connection.java:277)
at com.microsoft.playwright.impl.Connection.processOneMessage(Connection.java:229)
at com.microsoft.playwright.impl.ChannelOwner.runUntil(ChannelOwner.java:145)
... 34 more
]]>
    </error>
  </testcase> <!-- test_01_Login -->
  <testcase classname="test.Run" name="test_002_add_product_to_card">
    <skipped/>
  </testcase> <!-- test_002_add_product_to_card -->
  <testcase classname="test.Run" name="test_003_remove_product">
    <skipped/>
  </testcase> <!-- test_003_remove_product -->
</testsuite> <!-- test.Run -->
