<?xml version="1.0" encoding="UTF-8"?>
<!-- Generated by org.testng.reporters.JUnitReportReporter -->
<testsuite hostname="ShaileshKumar" failures="0" tests="3" name="test.Run" time="93.454" errors="0" timestamp="2026-09-08T19:45:17 IST" skipped="0">
  <testcase classname="test.Run" name="test_01_Login" time="7.858"/>
  <testcase classname="test.Run" name="test_002_add_product_to_card" time="75.174"/>
  <testcase classname="test.Run" name="test_003_remove_product" time="10.422"/>
</testsuite> <!-- test.Run -->
