<?xml version="1.0" encoding="UTF-8"?>
<!-- Generated by org.testng.reporters.JUnitReportReporter -->
<testsuite hostname="ShaileshKumar" failures="0" tests="1" name="pages.VtigerCRM" time="47.668" errors="1" timestamp="2026-09-05T20:22:37 IST" skipped="0">
  <testcase classname="pages.VtigerCRM" name="test_crm" time="47.668">
    <error message="Error {
  message=&#039;Timeout 30000ms exceeded.
  name=&#039;TimeoutError
  stack=&#039;TimeoutError: Timeout 30000ms exceeded.
    at _ProgressController.run (C:\Users\91933\AppData\Local\Temp\playwright-java-10897404489329049303\package\lib\coreBundle.js:12135:32)
    at DispatcherConnection.dispatch (C:\Users\91933\AppData\Local\Temp\playwright-java-10897404489329049303\package\lib\coreBundle.js:18775:44)
}
Call log:
-   - waiting for getByRole(AriaRole.BUTTON, new Page.GetByRoleOptions().setName(&quot; Login&quot;))
" type="com.microsoft.playwright.TimeoutError">
      <![CDATA[com.microsoft.playwright.TimeoutError: Error {
  message='Timeout 30000ms exceeded.
  name='TimeoutError
  stack='TimeoutError: Timeout 30000ms exceeded.
    at _ProgressController.run (C:\Users\91933\AppData\Local\Temp\playwright-java-10897404489329049303\package\lib\coreBundle.js:12135:32)
    at DispatcherConnection.dispatch (C:\Users\91933\AppData\Local\Temp\playwright-java-10897404489329049303\package\lib\coreBundle.js:18775:44)
}
Call log:
-   - waiting for getByRole(AriaRole.BUTTON, new Page.GetByRoleOptions().setName(" Login"))

at com.microsoft.playwright.impl.WaitableResult.get(WaitableResult.java:52)
at com.microsoft.playwright.impl.ChannelOwner.runUntil(ChannelOwner.java:147)
at com.microsoft.playwright.impl.Connection.sendMessage(Connection.java:136)
at com.microsoft.playwright.impl.ChannelOwner.sendMessage(ChannelOwner.java:133)
at com.microsoft.playwright.impl.FrameImpl.clickImpl(FrameImpl.java:244)
at com.microsoft.playwright.impl.LocatorImpl.click(LocatorImpl.java:173)
at com.microsoft.playwright.Locator.click(Locator.java:2837)
at pages.VtigerCRM.test_crm(VtigerCRM.java:25)
at java.base/jdk.internal.reflect.DirectMethodHandleAccessor.invoke(DirectMethodHandleAccessor.java:103)
at java.base/java.lang.reflect.Method.invoke(Method.java:580)
at org.testng.internal.invokers.MethodInvocationHelper.invokeMethod(MethodInvocationHelper.java:141)
at org.testng.internal.invokers.TestInvoker.invokeMethod(TestInvoker.java:697)
at org.testng.internal.invokers.TestInvoker.invokeTestMethod(TestInvoker.java:230)
at org.testng.internal.invokers.MethodRunner.runInSequence(MethodRunner.java:63)
at org.testng.internal.invokers.TestInvoker$MethodInvocationAgent.invoke(TestInvoker.java:1005)
at org.testng.internal.invokers.TestInvoker.invokeTestMethods(TestInvoker.java:203)
at org.testng.internal.invokers.TestMethodWorker.invokeTestMethods(TestMethodWorker.java:154)
at org.testng.internal.invokers.TestMethodWorker.run(TestMethodWorker.java:134)
at java.base/java.util.ArrayList.forEach(ArrayList.java:1596)
at org.testng.TestRunner.privateRun(TestRunner.java:744)
at org.testng.TestRunner.run(TestRunner.java:616)
at org.testng.SuiteRunner.runTest(SuiteRunner.java:421)
at org.testng.SuiteRunner.runSequentially(SuiteRunner.java:413)
at org.testng.SuiteRunner.privateRun(SuiteRunner.java:373)
at org.testng.SuiteRunner.run(SuiteRunner.java:312)
at org.testng.SuiteRunnerWorker.runSuite(SuiteRunnerWorker.java:52)
at org.testng.SuiteRunnerWorker.run(SuiteRunnerWorker.java:95)
at org.testng.TestNG.runSuitesSequentially(TestNG.java:1274)
at org.testng.TestNG.runSuitesLocally(TestNG.java:1208)
at org.testng.TestNG.runSuites(TestNG.java:1112)
at org.testng.TestNG.run(TestNG.java:1079)
at org.testng.remote.AbstractRemoteTestNG.run(AbstractRemoteTestNG.java:115)
at org.testng.remote.RemoteTestNG.initAndRun(RemoteTestNG.java:293)
at org.testng.remote.RemoteTestNG.main(RemoteTestNG.java:91)
Caused by: com.microsoft.playwright.TimeoutError: Error {
  message='Timeout 30000ms exceeded.
  name='TimeoutError
  stack='TimeoutError: Timeout 30000ms exceeded.
    at _ProgressController.run (C:\Users\91933\AppData\Local\Temp\playwright-java-10897404489329049303\package\lib\coreBundle.js:12135:32)
    at DispatcherConnection.dispatch (C:\Users\91933\AppData\Local\Temp\playwright-java-10897404489329049303\package\lib\coreBundle.js:18775:44)
}
Call log:
-   - waiting for getByRole(AriaRole.BUTTON, new Page.GetByRoleOptions().setName(" Login"))

at com.microsoft.playwright.impl.Connection.dispatch(Connection.java:273)
at com.microsoft.playwright.impl.Connection.processOneMessage(Connection.java:229)
at com.microsoft.playwright.impl.ChannelOwner.runUntil(ChannelOwner.java:145)
... 32 more
]]>
    </error>
  </testcase> <!-- test_crm -->
</testsuite> <!-- pages.VtigerCRM -->
