<?xml version="1.0" encoding="UTF-8"?>
<!-- Generated by org.testng.reporters.JUnitReportReporter -->
<testsuite hostname="ShaileshKumar" failures="0" tests="3" name="test.RunTest" time="11.126" errors="0" timestamp="2026-09-11T07:42:23 IST" skipped="2">
  <testcase classname="test.RunTest" name="test_01_Login" time="11.126"/>
  <testcase classname="test.RunTest" name="test_002_add_product_to_card">
    <skipped/>
  </testcase> <!-- test_002_add_product_to_card -->
  <testcase classname="test.RunTest" name="test_003_remove_product">
    <skipped/>
  </testcase> <!-- test_003_remove_product -->
</testsuite> <!-- test.RunTest -->
