<?xml version="1.0" encoding="UTF-8"?>
<!-- Generated by org.testng.reporters.JUnitReportReporter -->
<testsuite hostname="ShaileshKumar" failures="0" tests="1" name="test.WindowHandleRun" time="18.327" errors="1" timestamp="2026-09-10T19:56:07 IST" skipped="0">
  <testcase classname="test.WindowHandleRun" name="test_01_new_window" time="18.327">
    <error message="Error {
  message=&#039;net::ERR_NAME_NOT_RESOLVED at https://testautomationpractice.blogspot.com/
  name=&#039;Error
  stack=&#039;Error: net::ERR_NAME_NOT_RESOLVED at https://testautomationpractice.blogspot.com/
    at _FrameSession._navigate (C:\Users\91933\AppData\Local\Temp\playwright-java-4452662432403751590\package\lib\coreBundle.js:37451:17)
    at async _Frame.gotoImpl (C:\Users\91933\AppData\Local\Temp\playwright-java-4452662432403751590\package\lib\coreBundle.js:23080:28)
}
Call log:
-   - navigating to &quot;https://testautomationpractice.blogspot.com/&quot;, waiting until &quot;load&quot;
" type="com.microsoft.playwright.PlaywrightException">
      <![CDATA[com.microsoft.playwright.PlaywrightException: Error {
  message='net::ERR_NAME_NOT_RESOLVED at https://testautomationpractice.blogspot.com/
  name='Error
  stack='Error: net::ERR_NAME_NOT_RESOLVED at https://testautomationpractice.blogspot.com/
    at _FrameSession._navigate (C:\Users\91933\AppData\Local\Temp\playwright-java-4452662432403751590\package\lib\coreBundle.js:37451:17)
    at async _Frame.gotoImpl (C:\Users\91933\AppData\Local\Temp\playwright-java-4452662432403751590\package\lib\coreBundle.js:23080:28)
}
Call log:
-   - navigating to "https://testautomationpractice.blogspot.com/", waiting until "load"

at com.microsoft.playwright.impl.WaitableResult.get(WaitableResult.java:58)
at com.microsoft.playwright.impl.ChannelOwner.runUntil(ChannelOwner.java:147)
at com.microsoft.playwright.impl.Connection.sendMessage(Connection.java:136)
at com.microsoft.playwright.impl.ChannelOwner.sendMessage(ChannelOwner.java:133)
at com.microsoft.playwright.impl.FrameImpl.navigateImpl(FrameImpl.java:429)
at com.microsoft.playwright.impl.PageImpl.navigate(PageImpl.java:959)
at com.microsoft.playwright.impl.PageImpl.navigate(PageImpl.java:44)
at com.microsoft.playwright.Page.navigate(Page.java:5709)
at com.eva.webutil.WebUtil.openUrl(WebUtil.java:181)
at test.WindowHandleRun.test_01_new_window(WindowHandleRun.java:12)
at java.base/jdk.internal.reflect.DirectMethodHandleAccessor.invoke(DirectMethodHandleAccessor.java:103)
at java.base/java.lang.reflect.Method.invoke(Method.java:580)
at org.testng.internal.invokers.MethodInvocationHelper.invokeMethod(MethodInvocationHelper.java:141)
at org.testng.internal.invokers.TestInvoker.invokeMethod(TestInvoker.java:697)
at org.testng.internal.invokers.TestInvoker.invokeTestMethod(TestInvoker.java:230)
at org.testng.internal.invokers.MethodRunner.runInSequence(MethodRunner.java:63)
at org.testng.internal.invokers.TestInvoker$MethodInvocationAgent.invoke(TestInvoker.java:1005)
at org.testng.internal.invokers.TestInvoker.invokeTestMethods(TestInvoker.java:203)
at org.testng.internal.invokers.TestMethodWorker.invokeTestMethods(TestMethodWorker.java:154)
at org.testng.internal.invokers.TestMethodWorker.run(TestMethodWorker.java:134)
at java.base/java.util.ArrayList.forEach(ArrayList.java:1596)
at org.testng.TestRunner.privateRun(TestRunner.java:744)
at org.testng.TestRunner.run(TestRunner.java:616)
at org.testng.SuiteRunner.runTest(SuiteRunner.java:421)
at org.testng.SuiteRunner.runSequentially(SuiteRunner.java:413)
at org.testng.SuiteRunner.privateRun(SuiteRunner.java:373)
at org.testng.SuiteRunner.run(SuiteRunner.java:312)
at org.testng.SuiteRunnerWorker.runSuite(SuiteRunnerWorker.java:52)
at org.testng.SuiteRunnerWorker.run(SuiteRunnerWorker.java:95)
at org.testng.TestNG.runSuitesSequentially(TestNG.java:1274)
at org.testng.TestNG.runSuitesLocally(TestNG.java:1208)
at org.testng.TestNG.runSuites(TestNG.java:1112)
at org.testng.TestNG.run(TestNG.java:1079)
at org.testng.remote.AbstractRemoteTestNG.run(AbstractRemoteTestNG.java:115)
at org.testng.remote.RemoteTestNG.initAndRun(RemoteTestNG.java:293)
at org.testng.remote.RemoteTestNG.main(RemoteTestNG.java:91)
Caused by: com.microsoft.playwright.impl.DriverException: Error {
  message='net::ERR_NAME_NOT_RESOLVED at https://testautomationpractice.blogspot.com/
  name='Error
  stack='Error: net::ERR_NAME_NOT_RESOLVED at https://testautomationpractice.blogspot.com/
    at _FrameSession._navigate (C:\Users\91933\AppData\Local\Temp\playwright-java-4452662432403751590\package\lib\coreBundle.js:37451:17)
    at async _Frame.gotoImpl (C:\Users\91933\AppData\Local\Temp\playwright-java-4452662432403751590\package\lib\coreBundle.js:23080:28)
}
Call log:
-   - navigating to "https://testautomationpractice.blogspot.com/", waiting until "load"

at com.microsoft.playwright.impl.Connection.dispatch(Connection.java:277)
at com.microsoft.playwright.impl.Connection.processOneMessage(Connection.java:229)
at com.microsoft.playwright.impl.ChannelOwner.runUntil(ChannelOwner.java:145)
... 34 more
]]>
    </error>
  </testcase> <!-- test_01_new_window -->
</testsuite> <!-- test.WindowHandleRun -->
