<?xml version="1.0" encoding="UTF-8"?>
<!-- Generated by org.testng.reporters.JUnitReportReporter -->
<testsuite hostname="ShaileshKumar" failures="0" tests="3" name="pages.DemoTest" time="41.608" errors="0" timestamp="2026-09-08T20:32:34 IST" skipped="0">
  <testcase classname="pages.DemoTest" name="test_001_demoBlaze" time="13.347"/>
  <testcase classname="pages.DemoTest" name="test_002_demoBlaze_skipped" time="17.595"/>
  <testcase classname="pages.DemoTest" name="test_003_demoBlaze_Failed" time="10.666"/>
</testsuite> <!-- pages.DemoTest -->
