<?xml version="1.0" encoding="UTF-8"?>
<!-- Generated by org.testng.reporters.JUnitXMLReporter -->
<testsuite ignored="12" hostname="ShaileshKumar" failures="0" tests="7" name="Surefire test" time="49.349" errors="0" timestamp="2026-09-11T07:43:55 IST">
  <testcase classname="test.DemoTest" name="test_001_demoBlaze" time="5.606"/>
  <testcase classname="test.DemoTest" name="test_002_demoBlaze_skipped" time="5.522"/>
  <testcase classname="test.DemoTest" name="test_003_demoBlaze_Failed" time="5.045"/>
  <testcase classname="test.FirstTest" name="main" time="2.866"/>
  <testcase classname="test.LoginTest" name="invalidLoginShowsErrorMessage" time="4.083"/>
  <testcase classname="test.RecordingTest" name="test" time="6.113"/>
  <testcase classname="test.RunTest" name="test_01_Login" time="5.908"/>
  <testcase classname="base.Base" name="@BeforeSuite beforeSuite" time="0.0">
    <ignored/>
  </testcase> <!-- @BeforeSuite beforeSuite -->
  <testcase classname="test.RunTest" name="test_003_remove_product" time="0.0">
    <ignored/>
  </testcase> <!-- test_003_remove_product -->
  <testcase classname="base.Base" name="@AfterSuite afterSuite" time="0.0">
    <ignored/>
  </testcase> <!-- @AfterSuite afterSuite -->
  <testcase classname="base.Base" name="@AfterSuite afterSuite" time="0.0">
    <ignored/>
  </testcase> <!-- @AfterSuite afterSuite -->
  <testcase classname="base.Base" name="@AfterSuite afterSuite" time="0.0">
    <ignored/>
  </testcase> <!-- @AfterSuite afterSuite -->
  <testcase classname="base.Base" name="@BeforeSuite beforeSuite" time="0.0">
    <ignored/>
  </testcase> <!-- @BeforeSuite beforeSuite -->
  <testcase classname="base.Base" name="@BeforeSuite beforeSuite" time="0.0">
    <ignored/>
  </testcase> <!-- @BeforeSuite beforeSuite -->
  <testcase classname="base.Base" name="@BeforeSuite beforeSuite" time="0.0">
    <ignored/>
  </testcase> <!-- @BeforeSuite beforeSuite -->
  <testcase classname="test.RunTest" name="test_002_add_product_to_card" time="0.0">
    <ignored/>
  </testcase> <!-- test_002_add_product_to_card -->
  <testcase classname="base.Base" name="@AfterSuite afterSuite" time="0.0">
    <ignored/>
  </testcase> <!-- @AfterSuite afterSuite -->
  <testcase classname="base.Base" name="@BeforeSuite beforeSuite" time="0.0">
    <ignored/>
  </testcase> <!-- @BeforeSuite beforeSuite -->
  <testcase classname="base.Base" name="@AfterSuite afterSuite" time="0.0">
    <ignored/>
  </testcase> <!-- @AfterSuite afterSuite -->
</testsuite> <!-- Surefire test -->
