<?xml version="1.0" encoding="UTF-8"?>
<!-- Generated by org.testng.reporters.JUnitXMLReporter -->
<testsuite ignored="0" hostname="ShaileshKumar" failures="0" tests="3" name="Default test" time="41.714" errors="0" timestamp="2026-09-08T20:32:34 IST">
  <testcase classname="pages.DemoTest" name="test_001_demoBlaze" time="10.007"/>
  <testcase classname="pages.DemoTest" name="test_002_demoBlaze_skipped" time="8.487"/>
  <testcase classname="pages.DemoTest" name="test_003_demoBlaze_Failed" time="7.996"/>
</testsuite> <!-- Default test -->
