<?xml version="1.0" encoding="UTF-8"?>
<!-- Generated by org.testng.reporters.JUnitXMLReporter -->
<testsuite ignored="2" hostname="ShaileshKumar" failures="0" tests="1" name="Default test" time="11.181" errors="0" timestamp="2026-09-11T07:42:23 IST">
  <testcase classname="test.RunTest" name="test_01_Login" time="6.268"/>
  <testcase classname="test.RunTest" name="test_002_add_product_to_card" time="0.0">
    <ignored/>
  </testcase> <!-- test_002_add_product_to_card -->
  <testcase classname="test.RunTest" name="test_003_remove_product" time="0.0">
    <ignored/>
  </testcase> <!-- test_003_remove_product -->
</testsuite> <!-- Default test -->
