<?xml version="1.0" encoding="UTF-8"?>
<testng-results ignored="0" total="2" passed="2" failed="0" skipped="0">
  <reporter-output>
  </reporter-output>
  <suite started-at="2026-09-05T08:44:02 IST" name="Surefire suite" finished-at="2026-09-05T08:44:28 IST" duration-ms="25497">
    <groups>
    </groups>
    <test started-at="2026-09-05T08:44:02 IST" name="Surefire test" finished-at="2026-09-05T08:44:28 IST" duration-ms="25497">
      <class name="test.FirstTest">
        <test-method is-config="true" signature="setUp()[pri:0, instance:test.FirstTest@2b4a2ec7]" started-at="2026-09-05T08:44:21 IST" name="setUp" finished-at="2026-09-05T08:44:22 IST" duration-ms="1929" status="PASS">
          <reporter-output>
          </reporter-output>
        </test-method> <!-- setUp -->
        <test-method signature="main()[pri:0, instance:test.FirstTest@2b4a2ec7]" started-at="2026-09-05T08:44:22 IST" name="main" finished-at="2026-09-05T08:44:28 IST" duration-ms="5104" status="PASS">
          <reporter-output>
          </reporter-output>
        </test-method> <!-- main -->
      </class> <!-- test.FirstTest -->
      <class name="pages.DemoTest">
        <test-method is-config="true" signature="setUp()[pri:0, instance:pages.DemoTest@51931956]" started-at="2026-09-05T08:44:02 IST" name="setUp" finished-at="2026-09-05T08:44:12 IST" duration-ms="9513" status="PASS">
          <reporter-output>
          </reporter-output>
        </test-method> <!-- setUp -->
        <test-method signature="test_001_demoBlaze()[pri:0, instance:pages.DemoTest@51931956]" started-at="2026-09-05T08:44:12 IST" name="test_001_demoBlaze" finished-at="2026-09-05T08:44:21 IST" duration-ms="8874" status="PASS">
          <reporter-output>
          </reporter-output>
        </test-method> <!-- test_001_demoBlaze -->
      </class> <!-- pages.DemoTest -->
    </test> <!-- Surefire test -->
  </suite> <!-- Surefire suite -->
</testng-results>
