<?xml version="1.0" encoding="UTF-8"?>
<testsuite xmlns:xsi="http://www.w3.org/2001/XMLSchema-instance" xsi:noNamespaceSchemaLocation="https://maven.apache.org/surefire/maven-surefire-plugin/xsd/surefire-test-report.xsd" version="3.0.2" name="TestSuite" time="50.216" tests="7" errors="0" skipped="0" failures="0">
  <properties>
[...]
</properties>
  <testcase name="test_001_demoBlaze" classname="test.DemoTest" time="5.607">
    <system-err><![CDATA[SLF4J(W): No SLF4J providers were found.
SLF4J(W): Defaulting to no-operation (NOP) logger implementation
SLF4J(W): See https://www.slf4j.org/codes.html#noProviders for further details.
]]></system-err>
  </testcase>
  <testcase name="test_002_demoBlaze_skipped" classname="test.DemoTest" time="5.521"/>
  <testcase name="test_003_demoBlaze_Failed" classname="test.DemoTest" time="5.044"/>
  <testcase name="main" classname="test.FirstTest" time="2.866">
    <system-out><![CDATA[Online Shopping Site for Mobiles, Electronics, Furniture, Grocery, Lifestyle, Books & More. Best Offers!
]]></system-out>
  </testcase>
  <testcase name="invalidLoginShowsErrorMessage" classname="test.LoginTest" time="4.081"/>
  <testcase name="test" classname="test.RecordingTest" time="6.11"/>
  <testcase name="test_01_Login" classname="test.RunTest" time="5.907"/>
</testsuite>